------------------------------
Tue Jan 09 2018 5:44:36 PM
GET /index.html
HEADERS=> {
  "host": "localhost:6500",
  "connection": "keep-alive",
  "cache-control": "max-age=0",
  "user-agent": "Mozilla/5.0 (Macintosh; Intel Mac OS X 10_12_6) AppleWebKit/537.36 (KHTML, like Gecko) Chrome/63.0.3239.84 Safari/537.36",
  "upgrade-insecure-requests": "1",
  "accept": "text/html,application/xhtml+xml,application/xml;q=0.9,image/webp,image/apng,*/*;q=0.8",
  "accept-encoding": "gzip, deflate, br",
  "accept-language": "en-US,en;q=0.9",
  "cookie": "logInFailed=true; loginFailed=true; sessionid=1515499789532"
}
COOKIES=> {
  "logInFailed": "true",
  "loginFailed": "true",
  "sessionid": "1515499789532"
}
BODY=> {}
------------------------------
Tue Jan 09 2018 5:44:36 PM
GET /css/styleSheet.css
HEADERS=> {
  "host": "localhost:6500",
  "connection": "keep-alive",
  "user-agent": "Mozilla/5.0 (Macintosh; Intel Mac OS X 10_12_6) AppleWebKit/537.36 (KHTML, like Gecko) Chrome/63.0.3239.84 Safari/537.36",
  "accept": "text/css,*/*;q=0.1",
  "referer": "http://localhost:6500/index.html",
  "accept-encoding": "gzip, deflate, br",
  "accept-language": "en-US,en;q=0.9",
  "cookie": "logInFailed=true; loginFailed=true; sessionid=1515499789532"
}
COOKIES=> {
  "logInFailed": "true",
  "loginFailed": "true",
  "sessionid": "1515499789532"
}
BODY=> {}
------------------------------
Tue Jan 09 2018 5:44:36 PM
GET /js/index.js
HEADERS=> {
  "host": "localhost:6500",
  "connection": "keep-alive",
  "user-agent": "Mozilla/5.0 (Macintosh; Intel Mac OS X 10_12_6) AppleWebKit/537.36 (KHTML, like Gecko) Chrome/63.0.3239.84 Safari/537.36",
  "accept": "*/*",
  "referer": "http://localhost:6500/index.html",
  "accept-encoding": "gzip, deflate, br",
  "accept-language": "en-US,en;q=0.9",
  "cookie": "logInFailed=true; loginFailed=true; sessionid=1515499789532"
}
COOKIES=> {
  "logInFailed": "true",
  "loginFailed": "true",
  "sessionid": "1515499789532"
}
BODY=> {}
------------------------------
Tue Jan 09 2018 5:44:36 PM
GET /image/freshorigins.jpg
HEADERS=> {
  "host": "localhost:6500",
  "connection": "keep-alive",
  "user-agent": "Mozilla/5.0 (Macintosh; Intel Mac OS X 10_12_6) AppleWebKit/537.36 (KHTML, like Gecko) Chrome/63.0.3239.84 Safari/537.36",
  "accept": "image/webp,image/apng,image/*,*/*;q=0.8",
  "referer": "http://localhost:6500/index.html",
  "accept-encoding": "gzip, deflate, br",
  "accept-language": "en-US,en;q=0.9",
  "cookie": "logInFailed=true; loginFailed=true; sessionid=1515499789532"
}
COOKIES=> {
  "logInFailed": "true",
  "loginFailed": "true",
  "sessionid": "1515499789532"
}
BODY=> {}
------------------------------
Tue Jan 09 2018 5:44:36 PM
GET /image/animated-flower-image-0021.gif
HEADERS=> {
  "host": "localhost:6500",
  "connection": "keep-alive",
  "user-agent": "Mozilla/5.0 (Macintosh; Intel Mac OS X 10_12_6) AppleWebKit/537.36 (KHTML, like Gecko) Chrome/63.0.3239.84 Safari/537.36",
  "accept": "image/webp,image/apng,image/*,*/*;q=0.8",
  "referer": "http://localhost:6500/index.html",
  "accept-encoding": "gzip, deflate, br",
  "accept-language": "en-US,en;q=0.9",
  "cookie": "logInFailed=true; loginFailed=true; sessionid=1515499789532"
}
COOKIES=> {
  "logInFailed": "true",
  "loginFailed": "true",
  "sessionid": "1515499789532"
}
BODY=> {}
------------------------------
Tue Jan 09 2018 5:44:38 PM
GET /guestBook.html
HEADERS=> {
  "host": "localhost:6500",
  "connection": "keep-alive",
  "upgrade-insecure-requests": "1",
  "user-agent": "Mozilla/5.0 (Macintosh; Intel Mac OS X 10_12_6) AppleWebKit/537.36 (KHTML, like Gecko) Chrome/63.0.3239.84 Safari/537.36",
  "accept": "text/html,application/xhtml+xml,application/xml;q=0.9,image/webp,image/apng,*/*;q=0.8",
  "referer": "http://localhost:6500/index.html",
  "accept-encoding": "gzip, deflate, br",
  "accept-language": "en-US,en;q=0.9",
  "cookie": "logInFailed=true; loginFailed=true; sessionid=1515499789532"
}
COOKIES=> {
  "logInFailed": "true",
  "loginFailed": "true",
  "sessionid": "1515499789532"
}
BODY=> {}
------------------------------
Tue Jan 09 2018 5:44:38 PM
GET /css/styleSheet.css
HEADERS=> {
  "host": "localhost:6500",
  "connection": "keep-alive",
  "user-agent": "Mozilla/5.0 (Macintosh; Intel Mac OS X 10_12_6) AppleWebKit/537.36 (KHTML, like Gecko) Chrome/63.0.3239.84 Safari/537.36",
  "accept": "text/css,*/*;q=0.1",
  "referer": "http://localhost:6500/guestBook.html",
  "accept-encoding": "gzip, deflate, br",
  "accept-language": "en-US,en;q=0.9",
  "cookie": "logInFailed=true; loginFailed=true; sessionid=1515499789532"
}
COOKIES=> {
  "logInFailed": "true",
  "loginFailed": "true",
  "sessionid": "1515499789532"
}
BODY=> {}
------------------------------
Tue Jan 09 2018 5:44:38 PM
GET /js/comments.js
HEADERS=> {
  "host": "localhost:6500",
  "connection": "keep-alive",
  "user-agent": "Mozilla/5.0 (Macintosh; Intel Mac OS X 10_12_6) AppleWebKit/537.36 (KHTML, like Gecko) Chrome/63.0.3239.84 Safari/537.36",
  "accept": "*/*",
  "referer": "http://localhost:6500/guestBook.html",
  "accept-encoding": "gzip, deflate, br",
  "accept-language": "en-US,en;q=0.9",
  "cookie": "logInFailed=true; loginFailed=true; sessionid=1515499789532"
}
COOKIES=> {
  "logInFailed": "true",
  "loginFailed": "true",
  "sessionid": "1515499789532"
}
BODY=> {}
------------------------------
Tue Jan 09 2018 5:44:38 PM
GET /js/commentRender.js
HEADERS=> {
  "host": "localhost:6500",
  "connection": "keep-alive",
  "user-agent": "Mozilla/5.0 (Macintosh; Intel Mac OS X 10_12_6) AppleWebKit/537.36 (KHTML, like Gecko) Chrome/63.0.3239.84 Safari/537.36",
  "accept": "*/*",
  "referer": "http://localhost:6500/guestBook.html",
  "accept-encoding": "gzip, deflate, br",
  "accept-language": "en-US,en;q=0.9",
  "cookie": "logInFailed=true; loginFailed=true; sessionid=1515499789532"
}
COOKIES=> {
  "logInFailed": "true",
  "loginFailed": "true",
  "sessionid": "1515499789532"
}
BODY=> {}
------------------------------
Tue Jan 09 2018 5:44:45 PM
POST /addComment
HEADERS=> {
  "host": "localhost:6500",
  "connection": "keep-alive",
  "content-length": "25",
  "cache-control": "max-age=0",
  "origin": "http://localhost:6500",
  "upgrade-insecure-requests": "1",
  "content-type": "application/x-www-form-urlencoded",
  "user-agent": "Mozilla/5.0 (Macintosh; Intel Mac OS X 10_12_6) AppleWebKit/537.36 (KHTML, like Gecko) Chrome/63.0.3239.84 Safari/537.36",
  "accept": "text/html,application/xhtml+xml,application/xml;q=0.9,image/webp,image/apng,*/*;q=0.8",
  "referer": "http://localhost:6500/guestBook.html",
  "accept-encoding": "gzip, deflate, br",
  "accept-language": "en-US,en;q=0.9",
  "cookie": "logInFailed=true; loginFailed=true; sessionid=1515499789532"
}
COOKIES=> {
  "logInFailed": "true",
  "loginFailed": "true",
  "sessionid": "1515499789532"
}
BODY=> {
  "name": "jhvh",
  "comment": "%2Cbjmb"
}
------------------------------
Tue Jan 09 2018 5:44:45 PM
GET /loginPage.html
HEADERS=> {
  "host": "localhost:6500",
  "connection": "keep-alive",
  "cache-control": "max-age=0",
  "upgrade-insecure-requests": "1",
  "user-agent": "Mozilla/5.0 (Macintosh; Intel Mac OS X 10_12_6) AppleWebKit/537.36 (KHTML, like Gecko) Chrome/63.0.3239.84 Safari/537.36",
  "accept": "text/html,application/xhtml+xml,application/xml;q=0.9,image/webp,image/apng,*/*;q=0.8",
  "referer": "http://localhost:6500/guestBook.html",
  "accept-encoding": "gzip, deflate, br",
  "accept-language": "en-US,en;q=0.9",
  "cookie": "logInFailed=true; loginFailed=true; sessionid=1515499789532"
}
COOKIES=> {
  "logInFailed": "true",
  "loginFailed": "true",
  "sessionid": "1515499789532"
}
BODY=> {}
------------------------------
Tue Jan 09 2018 5:44:50 PM
POST /loginPage.html
HEADERS=> {
  "host": "localhost:6500",
  "connection": "keep-alive",
  "content-length": "26",
  "cache-control": "max-age=0",
  "origin": "http://localhost:6500",
  "upgrade-insecure-requests": "1",
  "content-type": "application/x-www-form-urlencoded",
  "user-agent": "Mozilla/5.0 (Macintosh; Intel Mac OS X 10_12_6) AppleWebKit/537.36 (KHTML, like Gecko) Chrome/63.0.3239.84 Safari/537.36",
  "accept": "text/html,application/xhtml+xml,application/xml;q=0.9,image/webp,image/apng,*/*;q=0.8",
  "referer": "http://localhost:6500/loginPage.html",
  "accept-encoding": "gzip, deflate, br",
  "accept-language": "en-US,en;q=0.9",
  "cookie": "logInFailed=true; loginFailed=true; sessionid=1515499789532"
}
COOKIES=> {
  "logInFailed": "true",
  "loginFailed": "true",
  "sessionid": "1515499789532"
}
BODY=> {
  "userName": "sulagna",
  "password": ""
}
------------------------------
Tue Jan 09 2018 5:44:50 PM
GET /guestBook.html
HEADERS=> {
  "host": "localhost:6500",
  "connection": "keep-alive",
  "cache-control": "max-age=0",
  "upgrade-insecure-requests": "1",
  "user-agent": "Mozilla/5.0 (Macintosh; Intel Mac OS X 10_12_6) AppleWebKit/537.36 (KHTML, like Gecko) Chrome/63.0.3239.84 Safari/537.36",
  "accept": "text/html,application/xhtml+xml,application/xml;q=0.9,image/webp,image/apng,*/*;q=0.8",
  "referer": "http://localhost:6500/loginPage.html",
  "accept-encoding": "gzip, deflate, br",
  "accept-language": "en-US,en;q=0.9",
  "cookie": "logInFailed=true; loginFailed=true; sessionid=1515500090927"
}
COOKIES=> {
  "logInFailed": "true",
  "loginFailed": "true",
  "sessionid": "1515500090927"
}
BODY=> {}
------------------------------
Tue Jan 09 2018 5:44:50 PM
GET /css/styleSheet.css
HEADERS=> {
  "host": "localhost:6500",
  "connection": "keep-alive",
  "user-agent": "Mozilla/5.0 (Macintosh; Intel Mac OS X 10_12_6) AppleWebKit/537.36 (KHTML, like Gecko) Chrome/63.0.3239.84 Safari/537.36",
  "accept": "text/css,*/*;q=0.1",
  "referer": "http://localhost:6500/guestBook.html",
  "accept-encoding": "gzip, deflate, br",
  "accept-language": "en-US,en;q=0.9",
  "cookie": "logInFailed=true; loginFailed=true; sessionid=1515500090927"
}
COOKIES=> {
  "logInFailed": "true",
  "loginFailed": "true",
  "sessionid": "1515500090927"
}
BODY=> {}
------------------------------
Tue Jan 09 2018 5:44:50 PM
GET /js/comments.js
HEADERS=> {
  "host": "localhost:6500",
  "connection": "keep-alive",
  "user-agent": "Mozilla/5.0 (Macintosh; Intel Mac OS X 10_12_6) AppleWebKit/537.36 (KHTML, like Gecko) Chrome/63.0.3239.84 Safari/537.36",
  "accept": "*/*",
  "referer": "http://localhost:6500/guestBook.html",
  "accept-encoding": "gzip, deflate, br",
  "accept-language": "en-US,en;q=0.9",
  "cookie": "logInFailed=true; loginFailed=true; sessionid=1515500090927"
}
COOKIES=> {
  "logInFailed": "true",
  "loginFailed": "true",
  "sessionid": "1515500090927"
}
BODY=> {}
------------------------------
Tue Jan 09 2018 5:44:50 PM
GET /js/commentRender.js
HEADERS=> {
  "host": "localhost:6500",
  "connection": "keep-alive",
  "user-agent": "Mozilla/5.0 (Macintosh; Intel Mac OS X 10_12_6) AppleWebKit/537.36 (KHTML, like Gecko) Chrome/63.0.3239.84 Safari/537.36",
  "accept": "*/*",
  "referer": "http://localhost:6500/guestBook.html",
  "accept-encoding": "gzip, deflate, br",
  "accept-language": "en-US,en;q=0.9",
  "cookie": "logInFailed=true; loginFailed=true; sessionid=1515500090927"
}
COOKIES=> {
  "logInFailed": "true",
  "loginFailed": "true",
  "sessionid": "1515500090927"
}
BODY=> {}
------------------------------
Tue Jan 09 2018 5:44:55 PM
POST /addComment
HEADERS=> {
  "host": "localhost:6500",
  "connection": "keep-alive",
  "content-length": "23",
  "cache-control": "max-age=0",
  "origin": "http://localhost:6500",
  "upgrade-insecure-requests": "1",
  "content-type": "application/x-www-form-urlencoded",
  "user-agent": "Mozilla/5.0 (Macintosh; Intel Mac OS X 10_12_6) AppleWebKit/537.36 (KHTML, like Gecko) Chrome/63.0.3239.84 Safari/537.36",
  "accept": "text/html,application/xhtml+xml,application/xml;q=0.9,image/webp,image/apng,*/*;q=0.8",
  "referer": "http://localhost:6500/guestBook.html",
  "accept-encoding": "gzip, deflate, br",
  "accept-language": "en-US,en;q=0.9",
  "cookie": "logInFailed=true; loginFailed=true; sessionid=1515500090927"
}
COOKIES=> {
  "logInFailed": "true",
  "loginFailed": "true",
  "sessionid": "1515500090927"
}
BODY=> {
  "name": "vbngc",
  "comment": "vghc"
}
------------------------------
Tue Jan 09 2018 5:46:38 PM
GET /index.html
HEADERS=> {
  "host": "localhost:6500",
  "connection": "keep-alive",
  "user-agent": "Mozilla/5.0 (Macintosh; Intel Mac OS X 10_12_6) AppleWebKit/537.36 (KHTML, like Gecko) Chrome/63.0.3239.84 Safari/537.36",
  "upgrade-insecure-requests": "1",
  "accept": "text/html,application/xhtml+xml,application/xml;q=0.9,image/webp,image/apng,*/*;q=0.8",
  "accept-encoding": "gzip, deflate, br",
  "accept-language": "en-US,en;q=0.9",
  "cookie": "logInFailed=true; loginFailed=true; sessionid=1515500090927"
}
COOKIES=> {
  "logInFailed": "true",
  "loginFailed": "true",
  "sessionid": "1515500090927"
}
BODY=> {}
------------------------------
Tue Jan 09 2018 5:46:39 PM
GET /css/styleSheet.css
HEADERS=> {
  "host": "localhost:6500",
  "connection": "keep-alive",
  "user-agent": "Mozilla/5.0 (Macintosh; Intel Mac OS X 10_12_6) AppleWebKit/537.36 (KHTML, like Gecko) Chrome/63.0.3239.84 Safari/537.36",
  "accept": "text/css,*/*;q=0.1",
  "referer": "http://localhost:6500/index.html",
  "accept-encoding": "gzip, deflate, br",
  "accept-language": "en-US,en;q=0.9",
  "cookie": "logInFailed=true; loginFailed=true; sessionid=1515500090927"
}
COOKIES=> {
  "logInFailed": "true",
  "loginFailed": "true",
  "sessionid": "1515500090927"
}
BODY=> {}
------------------------------
Tue Jan 09 2018 5:46:39 PM
GET /js/index.js
HEADERS=> {
  "host": "localhost:6500",
  "connection": "keep-alive",
  "user-agent": "Mozilla/5.0 (Macintosh; Intel Mac OS X 10_12_6) AppleWebKit/537.36 (KHTML, like Gecko) Chrome/63.0.3239.84 Safari/537.36",
  "accept": "*/*",
  "referer": "http://localhost:6500/index.html",
  "accept-encoding": "gzip, deflate, br",
  "accept-language": "en-US,en;q=0.9",
  "cookie": "logInFailed=true; loginFailed=true; sessionid=1515500090927"
}
COOKIES=> {
  "logInFailed": "true",
  "loginFailed": "true",
  "sessionid": "1515500090927"
}
BODY=> {}
------------------------------
Tue Jan 09 2018 5:46:39 PM
GET /image/freshorigins.jpg
HEADERS=> {
  "host": "localhost:6500",
  "connection": "keep-alive",
  "user-agent": "Mozilla/5.0 (Macintosh; Intel Mac OS X 10_12_6) AppleWebKit/537.36 (KHTML, like Gecko) Chrome/63.0.3239.84 Safari/537.36",
  "accept": "image/webp,image/apng,image/*,*/*;q=0.8",
  "referer": "http://localhost:6500/index.html",
  "accept-encoding": "gzip, deflate, br",
  "accept-language": "en-US,en;q=0.9",
  "cookie": "logInFailed=true; loginFailed=true; sessionid=1515500090927"
}
COOKIES=> {
  "logInFailed": "true",
  "loginFailed": "true",
  "sessionid": "1515500090927"
}
BODY=> {}
------------------------------
Tue Jan 09 2018 5:46:39 PM
GET /image/animated-flower-image-0021.gif
HEADERS=> {
  "host": "localhost:6500",
  "connection": "keep-alive",
  "user-agent": "Mozilla/5.0 (Macintosh; Intel Mac OS X 10_12_6) AppleWebKit/537.36 (KHTML, like Gecko) Chrome/63.0.3239.84 Safari/537.36",
  "accept": "image/webp,image/apng,image/*,*/*;q=0.8",
  "referer": "http://localhost:6500/index.html",
  "accept-encoding": "gzip, deflate, br",
  "accept-language": "en-US,en;q=0.9",
  "cookie": "logInFailed=true; loginFailed=true; sessionid=1515500090927"
}
COOKIES=> {
  "logInFailed": "true",
  "loginFailed": "true",
  "sessionid": "1515500090927"
}
BODY=> {}
------------------------------
Tue Jan 09 2018 5:46:40 PM
GET /guestBook.html
HEADERS=> {
  "host": "localhost:6500",
  "connection": "keep-alive",
  "upgrade-insecure-requests": "1",
  "user-agent": "Mozilla/5.0 (Macintosh; Intel Mac OS X 10_12_6) AppleWebKit/537.36 (KHTML, like Gecko) Chrome/63.0.3239.84 Safari/537.36",
  "accept": "text/html,application/xhtml+xml,application/xml;q=0.9,image/webp,image/apng,*/*;q=0.8",
  "referer": "http://localhost:6500/index.html",
  "accept-encoding": "gzip, deflate, br",
  "accept-language": "en-US,en;q=0.9",
  "cookie": "logInFailed=true; loginFailed=true; sessionid=1515500090927"
}
COOKIES=> {
  "logInFailed": "true",
  "loginFailed": "true",
  "sessionid": "1515500090927"
}
BODY=> {}
------------------------------
Tue Jan 09 2018 5:46:40 PM
GET /css/styleSheet.css
HEADERS=> {
  "host": "localhost:6500",
  "connection": "keep-alive",
  "user-agent": "Mozilla/5.0 (Macintosh; Intel Mac OS X 10_12_6) AppleWebKit/537.36 (KHTML, like Gecko) Chrome/63.0.3239.84 Safari/537.36",
  "accept": "text/css,*/*;q=0.1",
  "referer": "http://localhost:6500/guestBook.html",
  "accept-encoding": "gzip, deflate, br",
  "accept-language": "en-US,en;q=0.9",
  "cookie": "logInFailed=true; loginFailed=true; sessionid=1515500090927"
}
COOKIES=> {
  "logInFailed": "true",
  "loginFailed": "true",
  "sessionid": "1515500090927"
}
BODY=> {}
------------------------------
Tue Jan 09 2018 5:46:40 PM
GET /js/comments.js
HEADERS=> {
  "host": "localhost:6500",
  "connection": "keep-alive",
  "user-agent": "Mozilla/5.0 (Macintosh; Intel Mac OS X 10_12_6) AppleWebKit/537.36 (KHTML, like Gecko) Chrome/63.0.3239.84 Safari/537.36",
  "accept": "*/*",
  "referer": "http://localhost:6500/guestBook.html",
  "accept-encoding": "gzip, deflate, br",
  "accept-language": "en-US,en;q=0.9",
  "cookie": "logInFailed=true; loginFailed=true; sessionid=1515500090927"
}
COOKIES=> {
  "logInFailed": "true",
  "loginFailed": "true",
  "sessionid": "1515500090927"
}
BODY=> {}
------------------------------
Tue Jan 09 2018 5:46:40 PM
GET /js/commentRender.js
HEADERS=> {
  "host": "localhost:6500",
  "connection": "keep-alive",
  "user-agent": "Mozilla/5.0 (Macintosh; Intel Mac OS X 10_12_6) AppleWebKit/537.36 (KHTML, like Gecko) Chrome/63.0.3239.84 Safari/537.36",
  "accept": "*/*",
  "referer": "http://localhost:6500/guestBook.html",
  "accept-encoding": "gzip, deflate, br",
  "accept-language": "en-US,en;q=0.9",
  "cookie": "logInFailed=true; loginFailed=true; sessionid=1515500090927"
}
COOKIES=> {
  "logInFailed": "true",
  "loginFailed": "true",
  "sessionid": "1515500090927"
}
BODY=> {}
------------------------------
Tue Jan 09 2018 5:46:44 PM
POST /addComment
HEADERS=> {
  "host": "localhost:6500",
  "connection": "keep-alive",
  "content-length": "28",
  "cache-control": "max-age=0",
  "origin": "http://localhost:6500",
  "upgrade-insecure-requests": "1",
  "content-type": "application/x-www-form-urlencoded",
  "user-agent": "Mozilla/5.0 (Macintosh; Intel Mac OS X 10_12_6) AppleWebKit/537.36 (KHTML, like Gecko) Chrome/63.0.3239.84 Safari/537.36",
  "accept": "text/html,application/xhtml+xml,application/xml;q=0.9,image/webp,image/apng,*/*;q=0.8",
  "referer": "http://localhost:6500/guestBook.html",
  "accept-encoding": "gzip, deflate, br",
  "accept-language": "en-US,en;q=0.9",
  "cookie": "logInFailed=true; loginFailed=true; sessionid=1515500090927"
}
COOKIES=> {
  "logInFailed": "true",
  "loginFailed": "true",
  "sessionid": "1515500090927"
}
BODY=> {
  "name": "l.nk%2Cbj",
  "comment": "hjvv+"
}
------------------------------
Tue Jan 09 2018 5:46:44 PM
GET /loginPage.html
HEADERS=> {
  "host": "localhost:6500",
  "connection": "keep-alive",
  "cache-control": "max-age=0",
  "upgrade-insecure-requests": "1",
  "user-agent": "Mozilla/5.0 (Macintosh; Intel Mac OS X 10_12_6) AppleWebKit/537.36 (KHTML, like Gecko) Chrome/63.0.3239.84 Safari/537.36",
  "accept": "text/html,application/xhtml+xml,application/xml;q=0.9,image/webp,image/apng,*/*;q=0.8",
  "referer": "http://localhost:6500/guestBook.html",
  "accept-encoding": "gzip, deflate, br",
  "accept-language": "en-US,en;q=0.9",
  "cookie": "logInFailed=true; loginFailed=true; sessionid=1515500090927"
}
COOKIES=> {
  "logInFailed": "true",
  "loginFailed": "true",
  "sessionid": "1515500090927"
}
BODY=> {}
------------------------------
Tue Jan 09 2018 5:46:48 PM
POST /loginPage.html
HEADERS=> {
  "host": "localhost:6500",
  "connection": "keep-alive",
  "content-length": "26",
  "cache-control": "max-age=0",
  "origin": "http://localhost:6500",
  "upgrade-insecure-requests": "1",
  "content-type": "application/x-www-form-urlencoded",
  "user-agent": "Mozilla/5.0 (Macintosh; Intel Mac OS X 10_12_6) AppleWebKit/537.36 (KHTML, like Gecko) Chrome/63.0.3239.84 Safari/537.36",
  "accept": "text/html,application/xhtml+xml,application/xml;q=0.9,image/webp,image/apng,*/*;q=0.8",
  "referer": "http://localhost:6500/loginPage.html",
  "accept-encoding": "gzip, deflate, br",
  "accept-language": "en-US,en;q=0.9",
  "cookie": "logInFailed=true; loginFailed=true; sessionid=1515500090927"
}
COOKIES=> {
  "logInFailed": "true",
  "loginFailed": "true",
  "sessionid": "1515500090927"
}
BODY=> {
  "userName": "sulagna",
  "password": ""
}
------------------------------
Tue Jan 09 2018 5:46:48 PM
GET /guestBook.html
HEADERS=> {
  "host": "localhost:6500",
  "connection": "keep-alive",
  "cache-control": "max-age=0",
  "upgrade-insecure-requests": "1",
  "user-agent": "Mozilla/5.0 (Macintosh; Intel Mac OS X 10_12_6) AppleWebKit/537.36 (KHTML, like Gecko) Chrome/63.0.3239.84 Safari/537.36",
  "accept": "text/html,application/xhtml+xml,application/xml;q=0.9,image/webp,image/apng,*/*;q=0.8",
  "referer": "http://localhost:6500/loginPage.html",
  "accept-encoding": "gzip, deflate, br",
  "accept-language": "en-US,en;q=0.9",
  "cookie": "logInFailed=true; loginFailed=true; sessionid=1515500208393"
}
COOKIES=> {
  "logInFailed": "true",
  "loginFailed": "true",
  "sessionid": "1515500208393"
}
BODY=> {}
------------------------------
Tue Jan 09 2018 5:46:48 PM
GET /css/styleSheet.css
HEADERS=> {
  "host": "localhost:6500",
  "connection": "keep-alive",
  "user-agent": "Mozilla/5.0 (Macintosh; Intel Mac OS X 10_12_6) AppleWebKit/537.36 (KHTML, like Gecko) Chrome/63.0.3239.84 Safari/537.36",
  "accept": "text/css,*/*;q=0.1",
  "referer": "http://localhost:6500/guestBook.html",
  "accept-encoding": "gzip, deflate, br",
  "accept-language": "en-US,en;q=0.9",
  "cookie": "logInFailed=true; loginFailed=true; sessionid=1515500208393"
}
COOKIES=> {
  "logInFailed": "true",
  "loginFailed": "true",
  "sessionid": "1515500208393"
}
BODY=> {}
------------------------------
Tue Jan 09 2018 5:46:48 PM
GET /js/comments.js
HEADERS=> {
  "host": "localhost:6500",
  "connection": "keep-alive",
  "user-agent": "Mozilla/5.0 (Macintosh; Intel Mac OS X 10_12_6) AppleWebKit/537.36 (KHTML, like Gecko) Chrome/63.0.3239.84 Safari/537.36",
  "accept": "*/*",
  "referer": "http://localhost:6500/guestBook.html",
  "accept-encoding": "gzip, deflate, br",
  "accept-language": "en-US,en;q=0.9",
  "cookie": "logInFailed=true; loginFailed=true; sessionid=1515500208393"
}
COOKIES=> {
  "logInFailed": "true",
  "loginFailed": "true",
  "sessionid": "1515500208393"
}
BODY=> {}
------------------------------
Tue Jan 09 2018 5:46:48 PM
GET /js/commentRender.js
HEADERS=> {
  "host": "localhost:6500",
  "connection": "keep-alive",
  "user-agent": "Mozilla/5.0 (Macintosh; Intel Mac OS X 10_12_6) AppleWebKit/537.36 (KHTML, like Gecko) Chrome/63.0.3239.84 Safari/537.36",
  "accept": "*/*",
  "referer": "http://localhost:6500/guestBook.html",
  "accept-encoding": "gzip, deflate, br",
  "accept-language": "en-US,en;q=0.9",
  "cookie": "logInFailed=true; loginFailed=true; sessionid=1515500208393"
}
COOKIES=> {
  "logInFailed": "true",
  "loginFailed": "true",
  "sessionid": "1515500208393"
}
BODY=> {}
------------------------------
Tue Jan 09 2018 5:46:52 PM
POST /addComment
HEADERS=> {
  "host": "localhost:6500",
  "connection": "keep-alive",
  "content-length": "19",
  "cache-control": "max-age=0",
  "origin": "http://localhost:6500",
  "upgrade-insecure-requests": "1",
  "content-type": "application/x-www-form-urlencoded",
  "user-agent": "Mozilla/5.0 (Macintosh; Intel Mac OS X 10_12_6) AppleWebKit/537.36 (KHTML, like Gecko) Chrome/63.0.3239.84 Safari/537.36",
  "accept": "text/html,application/xhtml+xml,application/xml;q=0.9,image/webp,image/apng,*/*;q=0.8",
  "referer": "http://localhost:6500/guestBook.html",
  "accept-encoding": "gzip, deflate, br",
  "accept-language": "en-US,en;q=0.9",
  "cookie": "logInFailed=true; loginFailed=true; sessionid=1515500208393"
}
COOKIES=> {
  "logInFailed": "true",
  "loginFailed": "true",
  "sessionid": "1515500208393"
}
BODY=> {
  "name": "gc",
  "comment": "vgb"
}
------------------------------
Tue Jan 09 2018 5:46:52 PM
GET /guestBook.html
HEADERS=> {
  "host": "localhost:6500",
  "connection": "keep-alive",
  "cache-control": "max-age=0",
  "upgrade-insecure-requests": "1",
  "user-agent": "Mozilla/5.0 (Macintosh; Intel Mac OS X 10_12_6) AppleWebKit/537.36 (KHTML, like Gecko) Chrome/63.0.3239.84 Safari/537.36",
  "accept": "text/html,application/xhtml+xml,application/xml;q=0.9,image/webp,image/apng,*/*;q=0.8",
  "referer": "http://localhost:6500/guestBook.html",
  "accept-encoding": "gzip, deflate, br",
  "accept-language": "en-US,en;q=0.9",
  "cookie": "logInFailed=true; loginFailed=true; sessionid=1515500208393"
}
COOKIES=> {
  "logInFailed": "true",
  "loginFailed": "true",
  "sessionid": "1515500208393"
}
BODY=> {}
------------------------------
Tue Jan 09 2018 5:46:52 PM
GET /css/styleSheet.css
HEADERS=> {
  "host": "localhost:6500",
  "connection": "keep-alive",
  "user-agent": "Mozilla/5.0 (Macintosh; Intel Mac OS X 10_12_6) AppleWebKit/537.36 (KHTML, like Gecko) Chrome/63.0.3239.84 Safari/537.36",
  "accept": "text/css,*/*;q=0.1",
  "referer": "http://localhost:6500/guestBook.html",
  "accept-encoding": "gzip, deflate, br",
  "accept-language": "en-US,en;q=0.9",
  "cookie": "logInFailed=true; loginFailed=true; sessionid=1515500208393"
}
COOKIES=> {
  "logInFailed": "true",
  "loginFailed": "true",
  "sessionid": "1515500208393"
}
BODY=> {}
------------------------------
Tue Jan 09 2018 5:46:52 PM
GET /js/comments.js
HEADERS=> {
  "host": "localhost:6500",
  "connection": "keep-alive",
  "user-agent": "Mozilla/5.0 (Macintosh; Intel Mac OS X 10_12_6) AppleWebKit/537.36 (KHTML, like Gecko) Chrome/63.0.3239.84 Safari/537.36",
  "accept": "*/*",
  "referer": "http://localhost:6500/guestBook.html",
  "accept-encoding": "gzip, deflate, br",
  "accept-language": "en-US,en;q=0.9",
  "cookie": "logInFailed=true; loginFailed=true; sessionid=1515500208393"
}
COOKIES=> {
  "logInFailed": "true",
  "loginFailed": "true",
  "sessionid": "1515500208393"
}
BODY=> {}
------------------------------
Tue Jan 09 2018 5:46:52 PM
GET /js/commentRender.js
HEADERS=> {
  "host": "localhost:6500",
  "connection": "keep-alive",
  "user-agent": "Mozilla/5.0 (Macintosh; Intel Mac OS X 10_12_6) AppleWebKit/537.36 (KHTML, like Gecko) Chrome/63.0.3239.84 Safari/537.36",
  "accept": "*/*",
  "referer": "http://localhost:6500/guestBook.html",
  "accept-encoding": "gzip, deflate, br",
  "accept-language": "en-US,en;q=0.9",
  "cookie": "logInFailed=true; loginFailed=true; sessionid=1515500208393"
}
COOKIES=> {
  "logInFailed": "true",
  "loginFailed": "true",
  "sessionid": "1515500208393"
}
BODY=> {}
------------------------------
Tue Jan 09 2018 5:46:55 PM
GET /logoutPage
HEADERS=> {
  "host": "localhost:6500",
  "connection": "keep-alive",
  "upgrade-insecure-requests": "1",
  "user-agent": "Mozilla/5.0 (Macintosh; Intel Mac OS X 10_12_6) AppleWebKit/537.36 (KHTML, like Gecko) Chrome/63.0.3239.84 Safari/537.36",
  "accept": "text/html,application/xhtml+xml,application/xml;q=0.9,image/webp,image/apng,*/*;q=0.8",
  "referer": "http://localhost:6500/guestBook.html",
  "accept-encoding": "gzip, deflate, br",
  "accept-language": "en-US,en;q=0.9",
  "cookie": "logInFailed=true; loginFailed=true; sessionid=1515500208393"
}
COOKIES=> {
  "logInFailed": "true",
  "loginFailed": "true",
  "sessionid": "1515500208393"
}
BODY=> {}
------------------------------
Tue Jan 09 2018 5:46:55 PM
GET /index.html
HEADERS=> {
  "host": "localhost:6500",
  "connection": "keep-alive",
  "upgrade-insecure-requests": "1",
  "user-agent": "Mozilla/5.0 (Macintosh; Intel Mac OS X 10_12_6) AppleWebKit/537.36 (KHTML, like Gecko) Chrome/63.0.3239.84 Safari/537.36",
  "accept": "text/html,application/xhtml+xml,application/xml;q=0.9,image/webp,image/apng,*/*;q=0.8",
  "referer": "http://localhost:6500/guestBook.html",
  "accept-encoding": "gzip, deflate, br",
  "accept-language": "en-US,en;q=0.9",
  "cookie": "logInFailed=true; loginFailed=false, Expires=Thu, 01 Jan 1970 00:00:00 GMT; sessionid=0, Expires=Thu, 01 Jan 1970 00:00:00 GMT"
}
COOKIES=> {
  "logInFailed": "true",
  "loginFailed": "false, Expires",
  "sessionid": "0, Expires"
}
BODY=> {}
------------------------------
Tue Jan 09 2018 5:46:55 PM
GET /css/styleSheet.css
HEADERS=> {
  "host": "localhost:6500",
  "connection": "keep-alive",
  "user-agent": "Mozilla/5.0 (Macintosh; Intel Mac OS X 10_12_6) AppleWebKit/537.36 (KHTML, like Gecko) Chrome/63.0.3239.84 Safari/537.36",
  "accept": "text/css,*/*;q=0.1",
  "referer": "http://localhost:6500/index.html",
  "accept-encoding": "gzip, deflate, br",
  "accept-language": "en-US,en;q=0.9",
  "cookie": "logInFailed=true; loginFailed=false, Expires=Thu, 01 Jan 1970 00:00:00 GMT; sessionid=0, Expires=Thu, 01 Jan 1970 00:00:00 GMT"
}
COOKIES=> {
  "logInFailed": "true",
  "loginFailed": "false, Expires",
  "sessionid": "0, Expires"
}
BODY=> {}
------------------------------
Tue Jan 09 2018 5:46:55 PM
GET /js/index.js
HEADERS=> {
  "host": "localhost:6500",
  "connection": "keep-alive",
  "user-agent": "Mozilla/5.0 (Macintosh; Intel Mac OS X 10_12_6) AppleWebKit/537.36 (KHTML, like Gecko) Chrome/63.0.3239.84 Safari/537.36",
  "accept": "*/*",
  "referer": "http://localhost:6500/index.html",
  "accept-encoding": "gzip, deflate, br",
  "accept-language": "en-US,en;q=0.9",
  "cookie": "logInFailed=true; loginFailed=false, Expires=Thu, 01 Jan 1970 00:00:00 GMT; sessionid=0, Expires=Thu, 01 Jan 1970 00:00:00 GMT"
}
COOKIES=> {
  "logInFailed": "true",
  "loginFailed": "false, Expires",
  "sessionid": "0, Expires"
}
BODY=> {}
------------------------------
Tue Jan 09 2018 5:46:55 PM
GET /image/freshorigins.jpg
HEADERS=> {
  "host": "localhost:6500",
  "connection": "keep-alive",
  "user-agent": "Mozilla/5.0 (Macintosh; Intel Mac OS X 10_12_6) AppleWebKit/537.36 (KHTML, like Gecko) Chrome/63.0.3239.84 Safari/537.36",
  "accept": "image/webp,image/apng,image/*,*/*;q=0.8",
  "referer": "http://localhost:6500/index.html",
  "accept-encoding": "gzip, deflate, br",
  "accept-language": "en-US,en;q=0.9",
  "cookie": "logInFailed=true; loginFailed=false, Expires=Thu, 01 Jan 1970 00:00:00 GMT; sessionid=0, Expires=Thu, 01 Jan 1970 00:00:00 GMT"
}
COOKIES=> {
  "logInFailed": "true",
  "loginFailed": "false, Expires",
  "sessionid": "0, Expires"
}
BODY=> {}
------------------------------
Tue Jan 09 2018 5:46:55 PM
GET /image/animated-flower-image-0021.gif
HEADERS=> {
  "host": "localhost:6500",
  "connection": "keep-alive",
  "user-agent": "Mozilla/5.0 (Macintosh; Intel Mac OS X 10_12_6) AppleWebKit/537.36 (KHTML, like Gecko) Chrome/63.0.3239.84 Safari/537.36",
  "accept": "image/webp,image/apng,image/*,*/*;q=0.8",
  "referer": "http://localhost:6500/index.html",
  "accept-encoding": "gzip, deflate, br",
  "accept-language": "en-US,en;q=0.9",
  "cookie": "logInFailed=true; loginFailed=false, Expires=Thu, 01 Jan 1970 00:00:00 GMT; sessionid=0, Expires=Thu, 01 Jan 1970 00:00:00 GMT"
}
COOKIES=> {
  "logInFailed": "true",
  "loginFailed": "false, Expires",
  "sessionid": "0, Expires"
}
BODY=> {}
